2015-07-30 10:01:52,764 DEBUG START 2015-07-30 10:01:52
2015-07-30 10:01:52,764 DEBUG running from /home/xiangxiaowei/Documents/software/check_googleplay_games
2015-07-30 10:01:52,764 DEBUG file is check_googleplay_games.py
2015-07-30 10:01:52,764 DEBUG ip is 测试
2015-07-30 10:01:52,764 DEBUG db_port is 3306
2015-07-30 10:01:52,764 DEBUG db_user is root
2015-07-30 10:01:52,764 DEBUG db_pass is 111111
2015-07-30 10:01:52,764 DEBUG db_data is forum
2015-07-30 10:01:52,764 DEBUG host is play.google.com
2015-07-30 10:01:52,764 DEBUG referer is https://play.google.com/store/apps/category/GAME
2015-07-30 10:01:52,765 DEBUG http_proxie is http://10.0.0.254:3128
2015-07-30 10:01:52,765 DEBUG https_proxie is http://10.0.0.254:3128
2015-07-30 10:01:52,765 DEBUG area is 测试
2015-07-30 10:01:52,765 DEBUG has 136 companys
2015-07-30 10:01:52,765 DEBUG crawler start
2015-07-30 10:01:52,776 INFO Starting new HTTPS connection (1): play.google.com
2015-07-30 10:01:53,956 DEBUG "POST /store/apps/dev?id=6258770168633898802 HTTP/1.1" 200 None
2015-07-30 10:01:54,353 INFO Starting new HTTPS connection (1): play.google.com
2015-07-30 10:01:55,481 DEBUG "POST /store/xhr/searchcontent?authuser=0 HTTP/1.1" 200 None
2015-07-30 10:01:55,490 INFO Starting new HTTPS connection (1): play.google.com
2015-07-30 10:01:56,506 DEBUG "POST /store/xhr/searchcontent?authuser=0 HTTP/1.1" 200 None
2015-07-30 10:01:56,513 INFO Starting new HTTPS connection (1): play.google.com
2015-07-30 10:01:57,778 DEBUG "POST /store/xhr/searchcontent?authuser=0 HTTP/1.1" 200 None
2015-07-30 10:01:57,820 INFO Starting new HTTPS connection (1): play.google.com
2015-07-30 10:01:58,997 DEBUG "POST /store/xhr/searchcontent?authuser=0 HTTP/1.1" 200 None
2015-07-30 10:01:59,040 INFO Starting new HTTPS connection (1): play.google.com
2015-07-30 10:01:59,985 DEBUG "POST /store/xhr/searchcontent?authuser=0 HTTP/1.1" 200 None
2015-07-30 10:02:00,028 INFO Starting new HTTPS connection (1): play.google.com
2015-07-30 10:02:01,026 DEBUG "POST /store/xhr/searchcontent?authuser=0 HTTP/1.1" 200 None
2015-07-30 10:02:01,066 DEBUG crawler error Gameloft; list index out of range
2015-07-30 10:02:01,067 DEBUG crawler end
2015-07-30 10:02:01,067 DEBUG success send email
2015-07-30 10:02:01,067 DEBUG insert 0 games; update 0 games
2015-07-30 10:02:01,067 DEBUG Total games 0
2015-07-30 10:02:01,067 DEBUG Total insert 0
2015-07-30 10:02:01,067 DEBUG Total update 0
2015-07-30 10:02:01,067 DEBUG End
2015-07-30 10:02:01,068 DEBUG 

2015-07-30 10:08:05,760 DEBUG START 2015-07-30 10:08:05
2015-07-30 10:08:05,761 DEBUG running from /home/xiangxiaowei/Documents/software/check_googleplay_games
2015-07-30 10:08:05,761 DEBUG file is check_googleplay_games.py
2015-07-30 10:08:05,761 DEBUG ip is 测试
2015-07-30 10:08:05,761 DEBUG db_port is 3306
2015-07-30 10:08:05,761 DEBUG db_user is root
2015-07-30 10:08:05,761 DEBUG db_pass is 111111
2015-07-30 10:08:05,761 DEBUG db_data is forum
2015-07-30 10:08:05,761 DEBUG host is play.google.com
2015-07-30 10:08:05,761 DEBUG referer is https://play.google.com/store/apps/category/GAME
2015-07-30 10:08:05,761 DEBUG http_proxie is http://10.0.0.254:3128
2015-07-30 10:08:05,761 DEBUG https_proxie is http://10.0.0.254:3128
2015-07-30 10:08:05,761 DEBUG area is 测试
2015-07-30 10:08:05,761 DEBUG has 136 companys
2015-07-30 10:08:05,761 DEBUG crawler start
2015-07-30 10:08:05,776 INFO Starting new HTTPS connection (1): play.google.com
2015-07-30 10:08:06,819 DEBUG "POST /store/apps/dev?id=6258770168633898802 HTTP/1.1" 200 None
2015-07-30 10:08:07,133 INFO Starting new HTTPS connection (1): play.google.com
2015-07-30 10:08:08,107 DEBUG "POST /store/xhr/searchcontent?authuser=0 HTTP/1.1" 200 None
2015-07-30 10:08:08,153 INFO Starting new HTTPS connection (1): play.google.com
2015-07-30 10:08:09,101 DEBUG "POST /store/xhr/searchcontent?authuser=0 HTTP/1.1" 200 None
2015-07-30 10:08:09,145 INFO Starting new HTTPS connection (1): play.google.com
2015-07-30 10:08:10,397 DEBUG "POST /store/xhr/searchcontent?authuser=0 HTTP/1.1" 200 None
2015-07-30 10:08:10,404 INFO Starting new HTTPS connection (1): play.google.com
2015-07-30 10:08:11,525 DEBUG "POST /store/xhr/searchcontent?authuser=0 HTTP/1.1" 200 None
2015-07-30 10:08:11,568 INFO Starting new HTTPS connection (1): play.google.com
2015-07-30 10:08:13,149 DEBUG "POST /store/xhr/searchcontent?authuser=0 HTTP/1.1" 200 None
2015-07-30 10:08:13,193 INFO Starting new HTTPS connection (1): play.google.com
2015-07-30 10:08:14,237 DEBUG "POST /store/xhr/searchcontent?authuser=0 HTTP/1.1" 200 None
2015-07-30 10:08:56,929 DEBUG START 2015-07-30 10:08:56
2015-07-30 10:08:56,929 DEBUG running from /home/xiangxiaowei/Documents/software/check_googleplay_games
2015-07-30 10:08:56,929 DEBUG file is check_googleplay_games.py
2015-07-30 10:08:56,929 DEBUG ip is 测试
2015-07-30 10:08:56,929 DEBUG db_port is 3306
2015-07-30 10:08:56,929 DEBUG db_user is root
2015-07-30 10:08:56,929 DEBUG db_pass is 111111
2015-07-30 10:08:56,929 DEBUG db_data is forum
2015-07-30 10:08:56,929 DEBUG host is play.google.com
2015-07-30 10:08:56,929 DEBUG referer is https://play.google.com/store/apps/category/GAME
2015-07-30 10:08:56,929 DEBUG http_proxie is http://10.0.0.254:3128
2015-07-30 10:08:56,930 DEBUG https_proxie is http://10.0.0.254:3128
2015-07-30 10:08:56,930 DEBUG area is 测试
2015-07-30 10:08:56,930 DEBUG has 136 companys
2015-07-30 10:08:56,930 DEBUG crawler start
2015-07-30 10:08:56,944 INFO Starting new HTTPS connection (1): play.google.com
2015-07-30 10:08:57,884 DEBUG "POST /store/apps/dev?id=6258770168633898802 HTTP/1.1" 200 None
2015-07-30 10:08:58,395 INFO Starting new HTTPS connection (1): play.google.com
2015-07-30 10:08:59,610 DEBUG "POST /store/xhr/searchcontent?authuser=0 HTTP/1.1" 200 None
2015-07-30 10:08:59,653 INFO Starting new HTTPS connection (1): play.google.com
2015-07-30 10:09:00,611 DEBUG "POST /store/xhr/searchcontent?authuser=0 HTTP/1.1" 200 None
2015-07-30 10:09:00,657 INFO Starting new HTTPS connection (1): play.google.com
2015-07-30 10:09:01,644 DEBUG "POST /store/xhr/searchcontent?authuser=0 HTTP/1.1" 200 None
2015-07-30 10:09:01,688 INFO Starting new HTTPS connection (1): play.google.com
2015-07-30 10:09:02,761 DEBUG "POST /store/xhr/searchcontent?authuser=0 HTTP/1.1" 200 None
2015-07-30 10:09:02,804 INFO Starting new HTTPS connection (1): play.google.com
2015-07-30 10:09:03,731 DEBUG "POST /store/xhr/searchcontent?authuser=0 HTTP/1.1" 200 None
2015-07-30 10:09:03,773 INFO Starting new HTTPS connection (1): play.google.com
2015-07-30 10:09:04,686 DEBUG "POST /store/xhr/searchcontent?authuser=0 HTTP/1.1" 200 None
2015-07-30 10:09:04,728 INFO Starting new HTTPS connection (1): play.google.com
2015-07-30 10:09:05,662 DEBUG "POST /store/xhr/searchcontent?authuser=0 HTTP/1.1" 200 None
2015-07-30 10:09:05,708 INFO Starting new HTTPS connection (1): play.google.com
2015-07-30 10:09:06,634 DEBUG "POST /store/xhr/searchcontent?authuser=0 HTTP/1.1" 200 None
2015-07-30 10:09:06,677 INFO Starting new HTTPS connection (1): play.google.com
2015-07-30 10:09:08,044 DEBUG "POST /store/xhr/searchcontent?authuser=0 HTTP/1.1" 200 None
2015-07-30 10:09:08,087 DEBUG end crawler Gameloft ;
2015-07-30 11:07:40,998 DEBUG START 2015-07-30 11:07:40
2015-07-30 11:07:40,999 DEBUG running from /home/xiangxiaowei/Documents/software/check_googleplay_games
2015-07-30 11:07:40,999 DEBUG file is check_googleplay_games.py
2015-07-30 11:07:40,999 DEBUG ip is 测试
2015-07-30 11:07:40,999 DEBUG db_port is 3306
2015-07-30 11:07:40,999 DEBUG db_user is root
2015-07-30 11:07:40,999 DEBUG db_pass is 111111
2015-07-30 11:07:40,999 DEBUG db_data is forum
2015-07-30 11:07:40,999 DEBUG host is play.google.com
2015-07-30 11:07:40,999 DEBUG referer is https://play.google.com/store/apps/category/GAME
2015-07-30 11:07:40,999 DEBUG http_proxie is http://10.0.0.254:3128
2015-07-30 11:07:40,999 DEBUG https_proxie is http://10.0.0.254:3128
2015-07-30 11:07:40,999 DEBUG area is 测试
2015-07-30 11:07:40,999 DEBUG has 136 companys
2015-07-30 11:07:40,999 DEBUG crawler start
2015-07-30 11:07:41,013 INFO Starting new HTTPS connection (1): play.google.com
2015-07-30 11:07:42,255 DEBUG "POST /store/apps/dev?id=6258770168633898802 HTTP/1.1" 200 None
2015-07-30 11:07:43,772 INFO Starting new HTTPS connection (1): play.google.com
2015-07-30 11:07:44,919 DEBUG "POST /store/xhr/searchcontent?authuser=0 HTTP/1.1" 200 None
2015-07-30 11:07:45,854 INFO Starting new HTTPS connection (1): play.google.com
2015-07-30 11:07:51,170 DEBUG "POST /store/xhr/searchcontent?authuser=0 HTTP/1.1" 200 None
2015-07-30 11:07:51,213 INFO Starting new HTTPS connection (1): play.google.com
2015-07-30 11:07:54,649 DEBUG "POST /store/xhr/searchcontent?authuser=0 HTTP/1.1" 200 None
2015-07-30 11:07:55,337 INFO Starting new HTTPS connection (1): play.google.com
2015-07-30 11:07:56,692 DEBUG "POST /store/xhr/searchcontent?authuser=0 HTTP/1.1" 200 None
2015-07-30 11:07:56,883 INFO Starting new HTTPS connection (1): play.google.com
2015-07-30 11:07:58,708 DEBUG "POST /store/xhr/searchcontent?authuser=0 HTTP/1.1" 200 None
2015-07-30 11:07:59,700 INFO Starting new HTTPS connection (1): play.google.com
2015-07-30 11:08:02,912 DEBUG "POST /store/xhr/searchcontent?authuser=0 HTTP/1.1" 200 None
2015-07-30 11:08:04,364 INFO Starting new HTTPS connection (1): play.google.com
2015-07-30 11:08:05,822 DEBUG "POST /store/xhr/searchcontent?authuser=0 HTTP/1.1" 200 None
2015-07-30 11:08:06,537 INFO Starting new HTTPS connection (1): play.google.com
2015-07-30 11:08:20,161 DEBUG "POST /store/xhr/searchcontent?authuser=0 HTTP/1.1" 200 None
2015-07-30 11:08:23,684 INFO Starting new HTTPS connection (1): play.google.com
2015-07-30 11:08:31,091 DEBUG "POST /store/xhr/searchcontent?authuser=0 HTTP/1.1" 200 None
2015-07-30 11:08:31,135 DEBUG end crawler Gameloft ;
2015-07-30 11:09:28,287 DEBUG START 2015-07-30 11:09:28
2015-07-30 11:09:28,287 DEBUG running from /home/xiangxiaowei/Documents/software/check_googleplay_games
2015-07-30 11:09:28,287 DEBUG file is check_googleplay_games.py
2015-07-30 11:09:28,287 DEBUG ip is 测试
2015-07-30 11:09:28,287 DEBUG db_port is 3306
2015-07-30 11:09:28,287 DEBUG db_user is root
2015-07-30 11:09:28,287 DEBUG db_pass is 111111
2015-07-30 11:09:28,287 DEBUG db_data is forum
2015-07-30 11:09:28,288 DEBUG host is play.google.com
2015-07-30 11:09:28,288 DEBUG referer is https://play.google.com/store/apps/category/GAME
2015-07-30 11:09:28,288 DEBUG http_proxie is http://10.0.0.254:3128
2015-07-30 11:09:28,288 DEBUG https_proxie is http://10.0.0.254:3128
2015-07-30 11:09:28,288 DEBUG area is 测试
2015-07-30 11:09:28,288 DEBUG has 136 companys
2015-07-30 11:09:28,288 DEBUG crawler start
2015-07-30 11:09:28,301 INFO Starting new HTTPS connection (1): play.google.com
2015-07-30 11:09:35,343 DEBUG "POST /store/apps/dev?id=6258770168633898802 HTTP/1.1" 200 None
2015-07-30 11:09:39,269 INFO Starting new HTTPS connection (1): play.google.com
2015-07-30 11:09:41,262 DEBUG "POST /store/xhr/searchcontent?authuser=0 HTTP/1.1" 200 None
2015-07-30 11:09:41,553 INFO Starting new HTTPS connection (1): play.google.com
2015-07-30 11:09:43,725 DEBUG "POST /store/xhr/searchcontent?authuser=0 HTTP/1.1" 200 None
2015-07-30 11:09:44,953 INFO Starting new HTTPS connection (1): play.google.com
2015-07-30 11:09:58,011 DEBUG "POST /store/xhr/searchcontent?authuser=0 HTTP/1.1" 200 None
2015-07-30 11:09:58,252 INFO Starting new HTTPS connection (1): play.google.com
2015-07-30 11:10:00,392 DEBUG "POST /store/xhr/searchcontent?authuser=0 HTTP/1.1" 200 None
2015-07-30 11:10:00,965 INFO Starting new HTTPS connection (1): play.google.com
2015-07-30 11:10:02,671 DEBUG "POST /store/xhr/searchcontent?authuser=0 HTTP/1.1" 200 None
2015-07-30 11:10:02,717 INFO Starting new HTTPS connection (1): play.google.com
2015-07-30 11:10:03,911 DEBUG "POST /store/xhr/searchcontent?authuser=0 HTTP/1.1" 200 None
2015-07-30 11:10:04,505 DEBUG end crawler Gameloft ;
2015-07-30 11:10:04,505 DEBUG crawler end
2015-07-30 11:10:04,505 DEBUG success send email
2015-07-30 11:10:04,505 DEBUG insert 0 games; update 0 games
2015-07-30 11:10:04,505 DEBUG Total games 0
2015-07-30 11:10:04,506 DEBUG Total insert 0
2015-07-30 11:10:04,506 DEBUG Total update 0
2015-07-30 11:10:04,506 DEBUG End
2015-07-30 11:10:04,506 DEBUG 

2015-07-30 14:16:02,366 DEBUG START 2015-07-30 14:16:02
2015-07-30 14:16:02,367 DEBUG running from /home/xiangxiaowei/Documents/software/check_googleplay_games
2015-07-30 14:16:02,367 DEBUG file is check_googleplay_games.py
2015-07-30 14:16:02,367 DEBUG ip is 测试
2015-07-30 14:16:02,367 DEBUG db_port is 3306
2015-07-30 14:16:02,367 DEBUG db_user is root
2015-07-30 14:16:02,367 DEBUG db_pass is 111111
2015-07-30 14:16:02,367 DEBUG db_data is forum
2015-07-30 14:16:02,367 DEBUG host is play.google.com
2015-07-30 14:16:02,367 DEBUG referer is https://play.google.com/store/apps/category/GAME
2015-07-30 14:16:02,367 DEBUG http_proxie is http://10.0.0.254:3128
2015-07-30 14:16:02,367 DEBUG https_proxie is http://10.0.0.254:3128
2015-07-30 14:16:02,367 DEBUG area is 测试
2015-07-30 14:16:02,367 DEBUG has 136 companys
2015-07-30 14:16:02,367 DEBUG crawler start
2015-07-30 14:16:02,405 INFO Starting new HTTPS connection (1): play.google.com
2015-07-30 14:16:04,635 DEBUG START 2015-07-30 14:16:04
2015-07-30 14:16:04,635 DEBUG running from /home/xiangxiaowei/Documents/software/check_googleplay_games
2015-07-30 14:16:04,635 DEBUG file is check_googleplay_games.py
2015-07-30 14:16:04,635 DEBUG ip is 测试
2015-07-30 14:16:04,635 DEBUG db_port is 3306
2015-07-30 14:16:04,635 DEBUG db_user is root
2015-07-30 14:16:04,635 DEBUG db_pass is 111111
2015-07-30 14:16:04,635 DEBUG db_data is forum
2015-07-30 14:16:04,635 DEBUG host is play.google.com
2015-07-30 14:16:04,635 DEBUG referer is https://play.google.com/store/apps/category/GAME
2015-07-30 14:16:04,635 DEBUG http_proxie is http://10.0.0.254:3128
2015-07-30 14:16:04,635 DEBUG https_proxie is http://10.0.0.254:3128
2015-07-30 14:16:04,635 DEBUG area is 测试
2015-07-30 14:16:04,635 DEBUG has 136 companys
2015-07-30 14:16:04,635 DEBUG crawler start
2015-07-30 14:16:04,649 INFO Starting new HTTPS connection (1): play.google.com
2015-07-30 14:16:05,728 DEBUG "POST /store/apps/dev?id=6258770168633898802 HTTP/1.1" 200 None
2015-07-30 14:16:06,154 INFO Starting new HTTPS connection (1): play.google.com
2015-07-30 14:16:07,441 DEBUG "POST /store/xhr/searchcontent?authuser=0 HTTP/1.1" 200 None
2015-07-30 14:16:07,486 INFO Starting new HTTPS connection (1): play.google.com
2015-07-30 14:16:08,907 DEBUG "POST /store/xhr/searchcontent?authuser=0 HTTP/1.1" 200 None
2015-07-30 14:16:08,949 INFO Starting new HTTPS connection (1): play.google.com
2015-07-30 14:16:10,397 DEBUG "POST /store/xhr/searchcontent?authuser=0 HTTP/1.1" 200 None
2015-07-30 14:16:10,637 INFO Starting new HTTPS connection (1): play.google.com
2015-07-30 14:16:12,085 DEBUG "POST /store/xhr/searchcontent?authuser=0 HTTP/1.1" 200 None
2015-07-30 14:16:12,129 INFO Starting new HTTPS connection (1): play.google.com
2015-07-30 14:16:13,496 DEBUG "POST /store/xhr/searchcontent?authuser=0 HTTP/1.1" 200 None
2015-07-30 14:16:13,541 INFO Starting new HTTPS connection (1): play.google.com
2015-07-30 14:16:14,850 DEBUG "POST /store/xhr/searchcontent?authuser=0 HTTP/1.1" 200 None
2015-07-30 14:16:14,855 DEBUG end crawler Gameloft ;
2015-07-30 14:16:14,855 DEBUG crawler end
2015-07-30 14:16:14,855 DEBUG success send email
2015-07-30 14:16:14,856 DEBUG insert 0 games; update 0 games
2015-07-30 14:16:14,856 DEBUG Total games 0
2015-07-30 14:16:14,856 DEBUG Total insert 0
2015-07-30 14:16:14,856 DEBUG Total update 0
2015-07-30 14:16:14,856 DEBUG End
2015-07-30 14:16:14,856 DEBUG 

